     1 00000000                                 ; hello-os
     2 00000000                                 ; TAB=4
     3 00000000                                 
     4  = 0000000A                              CYLS	EQU		10
     5 00000000                                 
     6                                          		ORG		0x7c00			; 指明程序装载地址
     7 00007C00                                 
     8 00007C00                                 ; 标准FAT12格式软盘专用的代码 Stand FAT12 format floppy code
     9 00007C00                                 
    10 00007C00 EB 4E                           		JMP		entry
    11 00007C02 90                              		DB		0x90
    12 00007C03 48 45 4C 4C 4F 49 50 4C         		DB		"HELLOIPL"		; 启动扇区名称（8字节）
    13 00007C0B 0200                            		DW		512				; 每个扇区（sector）大小（必须512字节）
    14 00007C0D 01                              		DB		1				; 簇（cluster）大小（必须为1个扇区）
    15 00007C0E 0001                            		DW		1				; FAT起始位置（一般为第一个扇区）
    16 00007C10 02                              		DB		2				; FAT个数（必须为2）
    17 00007C11 00E0                            		DW		224				; 根目录大小（一般为224项）
    18 00007C13 0B40                            		DW		2880			; 该磁盘大小（必须为2880扇区1440*1024/512）
    19 00007C15 F0                              		DB		0xf0			; 磁盘类型（必须为0xf0）
    20 00007C16 0009                            		DW		9				; FAT的长度（必须是9扇区）
    21 00007C18 0012                            		DW		18				; 一个磁道（track）有几个扇区（必须为18）
    22 00007C1A 0002                            		DW		2				; 磁头数（必须是2）
    23 00007C1C 00000000                        		DD		0				; 不使用分区，必须是0
    24 00007C20 00000B40                        		DD		2880			; 重写一次磁盘大小
    25 00007C24 00 00 29                        		DB		0,0,0x29		; 意义不明（固定）
    26 00007C27 FFFFFFFF                        		DD		0xffffffff		; （可能是）卷标号码
    27 00007C2B 48 45 4C 4C 4F 2D 4F 53 20 20   		DB		"HELLO-OS   "	; 磁盘的名称（必须为11字节，不足填空格）
       00007C35 20 
    28 00007C36 46 41 54 31 32 20 20 20         		DB		"FAT12   "		; 磁盘格式名称（必须是8字节，不足填空格）
    29 00007C3E 00 00 00 00 00 00 00 00 00 00   		TIMES	18	DB	0		; 先空出18字节
       00007C48 00 00 00 00 00 00 00 00 
    30 00007C50                                 
    31 00007C50                                 ; 程序主体
    32 00007C50                                 
    33 00007C50                                 entry:
    34 00007C50 B8 0000                         		MOV		AX,0			; 初始化寄存器
    35 00007C53 8E D0                           		MOV		SS,AX
    36 00007C55 BC 7C00                         		MOV		SP,0x7c00
    37 00007C58 8E D8                           		MOV		DS,AX
    38 00007C5A                                 
    39 00007C5A B8 0820                         		MOV		AX,0x0820
    40 00007C5D 8E C0                           		MOV		ES,AX
    41 00007C5F B5 00                           		MOV		CH,0			; 柱面号 0
    42 00007C61 B6 00                           		MOV		DH,0			; 磁头号 0
    43 00007C63 B1 02                           		MOV		CL,2			; 扇区号 2
    44 00007C65                                 		
    45 00007C65                                 readloop:
    46 00007C65 BE 0000                         		MOV		SI,0			; 记录失败次数寄存器
    47 00007C68                                 		
    48 00007C68                                 retry:
    49 00007C68 B4 02                           		MOV		AH,0x02			; AH=0x02---读入磁盘
    50 00007C6A B0 01                           		MOV		AL,1			; 一次处理1个扇区
    51 00007C6C BB 0000                         		MOV		BX,0			; 缓冲地址[ES:BS]
    52 00007C6F B2 00                           		MOV		DL,0x00			; 0号软盘驱动器
    53 00007C71 CD 13                           		INT		0x13			; 调用磁盘BIOS
    54 00007C73 73 10                           		JNC		next			; 没错误就跳转到next
    55 00007C75 83 C6 01                        		ADD		SI,1			; 失败数+1
    56 00007C78 83 FE 05                        		CMP		SI,5			
    57 00007C7B 73 32                           		JAE		errors			; 失败数>=5
    58 00007C7D B4 00                           		MOV		AH,0x00
    59 00007C7F B2 00                           		MOV		DL,0x00
    60 00007C81 CD 13                           		INT		0x13			; 重置驱动器
    61 00007C83 EB E3                           		JMP		retry
    62 00007C85                                 		
    63 00007C85                                 next:
    64 00007C85 8C C0                           		MOV		AX,ES
    65 00007C87 05 0020                         		ADD		AX,0x0020
    66 00007C8A 8E C0                           		MOV		ES,AX			; 内存地址后移512字节
    67 00007C8C 80 C1 01                        		ADD		CL,1			; 扇区号+1
    68 00007C8F 80 F9 12                        		CMP		CL,18
    69 00007C92 76 D1                           		JBE		readloop		; 扇区号<=18 readloop
    70 00007C94 B1 01                           		MOV		CL,1
    71 00007C96 80 C6 01                        		ADD		DH,1
    72 00007C99 80 FE 02                        		CMP		DH,2
    73 00007C9C 72 C7                           		JB		readloop		; 磁头号<2 readloop
    74 00007C9E B6 00                           		MOV		DH,0
    75 00007CA0 80 C5 01                        		ADD		CH,1
    76 00007CA3 80 FD 0A                        		CMP		CH,CYLS
    77 00007CA6 72 BD                           		JB		readloop		; CH < CYLS readloop
    78 00007CA8                                 		
    79 00007CA8 88 2E 0FF0                      		MOV		[0x0ff0],CH
    80 00007CAC E9 4551                         		JMP		0xc200
    81 00007CAF                                 
    82 00007CAF                                 errors:
    83 00007CAF BE 7CC7                         		MOV		SI,msg
    84 00007CB2                                 		
    85 00007CB2                                 putloop:
    86 00007CB2 8A 04                           		MOV		AL,[SI]
    87 00007CB4 83 C6 01                        		ADD		SI,1			; 给SI加1
    88 00007CB7 3C 00                           		CMP		AL,0
    89 00007CB9 74 09                           		JE		fin
    90 00007CBB B4 0E                           		MOV		AH,0x0e			; 显示一个文字
    91 00007CBD BB 000F                         		MOV		BX,15			; 指定字符颜色
    92 00007CC0 CD 10                           		INT		0x10			; 调用显卡BIOS
    93 00007CC2 EB EE                           		JMP		putloop
    94 00007CC4                                 fin:
    95 00007CC4 F4                              		HLT						; 让CPU停止，等待指令
    96 00007CC5 EB FD                           		JMP		fin				; 无限循环
    97 00007CC7                                 
    98 00007CC7                                 msg:
    99 00007CC7 0A 0A                           		DB		0x0a, 0x0a		; 换行两次
   100 00007CC9 6C 6F 61 64 20 66 61 69 6C 64   		DB		"load faild!"
       00007CD3 21 
   101 00007CD4 0A                              		DB		0x0a			; 换行
   102 00007CD5 00                              		DB		0
   103 00007CD6                                 
   104 00007CD6 00 00 00 00 00 00 00 00 00 00   		TIMES	0x1fe-($-$$)	DB	0; 填写0x00直到0x001fe
       00007CE0 00 00 00 00 00 00 00 00 00 00 
       00007CEA 00 00 00 00 00 00 00 00 00 00 
       00007CF4 00 00 00 00 00 00 00 00 00 00 
       00007CFE 00 00 00 00 00 00 00 00 00 00 
       00007D08 00 00 00 00 00 00 00 00 00 00 
       00007D12 00 00 00 00 00 00 00 00 00 00 
       00007D1C 00 00 00 00 00 00 00 00 00 00 
       00007D26 00 00 00 00 00 00 00 00 00 00 
       00007D30 00 00 00 00 00 00 00 00 00 00 
       00007D3A 00 00 00 00 00 00 00 00 00 00 
       00007D44 00 00 00 00 00 00 00 00 00 00 
       00007D4E 00 00 00 00 00 00 00 00 00 00 
       00007D58 00 00 00 00 00 00 00 00 00 00 
       00007D62 00 00 00 00 00 00 00 00 00 00 
       00007D6C 00 00 00 00 00 00 00 00 00 00 
       00007D76 00 00 00 00 00 00 00 00 00 00 
       00007D80 00 00 00 00 00 00 00 00 00 00 
       00007D8A 00 00 00 00 00 00 00 00 00 00 
       00007D94 00 00 00 00 00 00 00 00 00 00 
       00007D9E 00 00 00 00 00 00 00 00 00 00 
       00007DA8 00 00 00 00 00 00 00 00 00 00 
       00007DB2 00 00 00 00 00 00 00 00 00 00 
       00007DBC 00 00 00 00 00 00 00 00 00 00 
       00007DC6 00 00 00 00 00 00 00 00 00 00 
       00007DD0 00 00 00 00 00 00 00 00 00 00 
       00007DDA 00 00 00 00 00 00 00 00 00 00 
       00007DE4 00 00 00 00 00 00 00 00 00 00 
       00007DEE 00 00 00 00 00 00 00 00 00 00 
       00007DF8 00 00 00 00 00 00 
   105 00007DFE                                 
   106 00007DFE 55 AA                           		DB		0x55, 0xaa